TN:
SF:src\app.ts
FNF:0
FNH:0
DA:1,1
DA:2,1
DA:3,1
DA:4,1
DA:5,1
DA:6,1
DA:7,1
DA:8,1
DA:9,1
DA:10,1
DA:11,1
DA:12,1
DA:13,1
DA:14,1
DA:15,1
DA:16,1
DA:17,1
LF:17
LH:17
BRF:0
BRH:0
end_of_record
TN:
SF:src\env.ts
FNF:0
FNH:0
DA:1,1
DA:2,1
DA:3,1
DA:4,1
DA:5,1
DA:6,1
DA:7,1
DA:8,1
DA:9,1
LF:9
LH:9
BRF:0
BRH:0
end_of_record
TN:
SF:src\configs\auth.ts
FNF:0
FNH:0
DA:1,1
DA:2,1
DA:3,1
DA:4,1
DA:5,1
DA:6,1
DA:7,1
DA:8,1
LF:8
LH:8
BRF:0
BRH:0
end_of_record
TN:
SF:src\controllers\sessions-controllers.ts
FN:11,create
FNF:1
FNH:1
FNDA:2,create
DA:1,1
DA:2,1
DA:3,1
DA:4,1
DA:5,1
DA:6,1
DA:7,1
DA:8,1
DA:9,1
DA:10,1
DA:11,1
DA:12,2
DA:13,2
DA:14,2
DA:15,2
DA:16,2
DA:17,2
DA:18,2
DA:19,2
DA:20,1
DA:21,2
DA:22,0
DA:23,0
DA:24,1
DA:25,1
DA:26,1
DA:27,2
DA:28,0
DA:29,0
DA:30,1
DA:31,1
DA:32,1
DA:33,2
DA:34,2
DA:35,2
DA:36,2
DA:37,2
DA:38,2
DA:39,2
DA:40,2
DA:41,2
DA:42,1
DA:43,1
DA:44,1
LF:44
LH:40
BRDA:11,0,0,2
BRDA:20,1,0,1
BRDA:21,2,0,0
BRDA:24,3,0,1
BRDA:27,4,0,0
BRDA:30,5,0,1
BRDA:33,6,0,0
BRF:7
BRH:4
end_of_record
TN:
SF:src\controllers\tasks-controllers.ts
FN:9,create
FN:61,index
FN:107,update
FN:118,zod_1.z.object.refine.message
FN:165,delete
FN:197,assignTask
FN:252,history
FNF:7
FNH:5
FNDA:1,create
FNDA:1,index
FNDA:2,update
FNDA:2,zod_1.z.object.refine.message
FNDA:0,delete
FNDA:1,assignTask
FNDA:0,history
DA:1,1
DA:2,1
DA:3,1
DA:4,1
DA:5,1
DA:6,1
DA:7,1
DA:8,1
DA:9,1
DA:10,1
DA:11,1
DA:12,1
DA:13,1
DA:14,1
DA:15,1
DA:16,1
DA:17,1
DA:18,1
DA:19,1
DA:20,1
DA:21,1
DA:22,1
DA:23,1
DA:24,1
DA:25,1
DA:26,1
DA:27,1
DA:28,1
DA:29,1
DA:30,0
DA:31,0
DA:32,1
DA:33,1
DA:34,1
DA:35,0
DA:36,0
DA:37,0
DA:38,0
DA:39,0
DA:40,0
DA:41,0
DA:42,0
DA:43,0
DA:44,0
DA:45,0
DA:46,1
DA:47,1
DA:48,1
DA:49,1
DA:50,1
DA:51,1
DA:52,1
DA:53,1
DA:54,1
DA:55,1
DA:56,1
DA:57,1
DA:58,1
DA:59,1
DA:60,1
DA:61,1
DA:62,1
DA:63,1
DA:64,1
DA:65,1
DA:66,1
DA:67,1
DA:68,1
DA:69,1
DA:70,1
DA:71,1
DA:72,1
DA:73,1
DA:74,0
DA:75,0
DA:76,1
DA:77,1
DA:78,0
DA:79,0
DA:80,1
DA:81,1
DA:82,1
DA:83,1
DA:84,1
DA:85,1
DA:86,1
DA:87,1
DA:88,1
DA:89,1
DA:90,1
DA:91,1
DA:92,1
DA:93,1
DA:94,1
DA:95,1
DA:96,1
DA:97,1
DA:98,1
DA:99,1
DA:100,1
DA:101,1
DA:102,1
DA:103,1
DA:104,1
DA:105,1
DA:106,1
DA:107,1
DA:108,2
DA:109,2
DA:110,2
DA:111,2
DA:112,2
DA:113,2
DA:114,2
DA:115,2
DA:116,2
DA:117,2
DA:118,2
DA:119,2
DA:120,2
DA:121,2
DA:122,2
DA:123,2
DA:124,2
DA:125,2
DA:126,2
DA:127,2
DA:128,2
DA:129,2
DA:130,2
DA:131,2
DA:132,2
DA:133,0
DA:134,0
DA:135,2
DA:136,2
DA:137,1
DA:138,1
DA:139,1
DA:140,1
DA:141,1
DA:142,0
DA:143,0
DA:144,0
DA:145,0
DA:146,0
DA:147,0
DA:148,0
DA:149,0
DA:150,0
DA:151,1
DA:152,1
DA:153,1
DA:154,1
DA:155,1
DA:156,1
DA:157,1
DA:158,1
DA:159,1
DA:160,1
DA:161,1
DA:162,1
DA:163,1
DA:164,1
DA:165,1
DA:166,0
DA:167,0
DA:168,0
DA:169,0
DA:170,0
DA:171,0
DA:172,0
DA:173,0
DA:174,0
DA:175,0
DA:176,0
DA:177,0
DA:178,0
DA:179,0
DA:180,0
DA:181,0
DA:182,0
DA:183,0
DA:184,0
DA:185,0
DA:186,0
DA:187,0
DA:188,0
DA:189,0
DA:190,0
DA:191,0
DA:192,0
DA:193,0
DA:194,0
DA:195,0
DA:196,1
DA:197,1
DA:198,1
DA:199,1
DA:200,1
DA:201,1
DA:202,1
DA:203,1
DA:204,1
DA:205,1
DA:206,1
DA:207,1
DA:208,1
DA:209,1
DA:210,1
DA:211,1
DA:212,1
DA:213,1
DA:214,1
DA:215,1
DA:216,0
DA:217,0
DA:218,1
DA:219,1
DA:220,1
DA:221,1
DA:222,1
DA:223,1
DA:224,1
DA:225,1
DA:226,0
DA:227,0
DA:228,1
DA:229,1
DA:230,1
DA:231,1
DA:232,1
DA:233,1
DA:234,1
DA:235,1
DA:236,1
DA:237,0
DA:238,0
DA:239,1
DA:240,1
DA:241,1
DA:242,1
DA:243,1
DA:244,1
DA:245,1
DA:246,1
DA:247,1
DA:248,1
DA:249,1
DA:250,1
DA:251,1
DA:252,1
DA:253,0
DA:254,0
DA:255,0
DA:256,0
DA:257,0
DA:258,0
DA:259,0
DA:260,0
DA:261,0
DA:262,0
DA:263,0
DA:264,0
DA:265,0
DA:266,0
DA:267,0
DA:268,0
DA:269,0
DA:270,0
DA:271,0
DA:272,0
DA:273,0
DA:274,0
DA:275,0
DA:276,0
DA:277,0
DA:278,0
DA:279,0
DA:280,0
DA:281,0
DA:282,0
DA:283,0
DA:284,0
DA:285,0
DA:286,0
DA:287,0
DA:288,0
DA:289,0
DA:290,0
DA:291,0
DA:292,0
DA:293,0
DA:294,0
DA:295,0
DA:296,0
DA:297,0
DA:298,0
DA:299,0
DA:300,0
DA:301,0
DA:302,0
DA:303,1
DA:304,1
DA:305,1
LF:305
LH:191
BRDA:9,0,0,1
BRDA:29,1,0,0
BRDA:34,2,0,0
BRDA:61,3,0,1
BRDA:73,4,0,0
BRDA:77,5,0,0
BRDA:107,6,0,2
BRDA:132,7,0,0
BRDA:136,8,0,1
BRDA:118,9,0,2
BRDA:140,10,0,1
BRDA:141,11,0,0
BRDA:141,12,0,0
BRDA:197,13,0,1
BRDA:215,14,0,0
BRDA:225,15,0,0
BRDA:236,16,0,0
BRF:17
BRH:7
end_of_record
TN:
SF:src\controllers\teamMembers-controllers.ts
FN:7,add
FN:76,remove
FN:123,index
FNF:3
FNH:1
FNDA:2,add
FNDA:0,remove
FNDA:0,index
DA:1,1
DA:2,1
DA:3,1
DA:4,1
DA:5,1
DA:6,1
DA:7,1
DA:8,2
DA:9,2
DA:10,2
DA:11,2
DA:12,2
DA:13,2
DA:14,2
DA:15,2
DA:16,2
DA:17,2
DA:18,2
DA:19,2
DA:20,2
DA:21,2
DA:22,2
DA:23,2
DA:24,2
DA:25,2
DA:26,2
DA:27,2
DA:28,2
DA:29,2
DA:30,2
DA:31,2
DA:32,2
DA:33,2
DA:34,2
DA:35,2
DA:36,2
DA:37,2
DA:38,2
DA:39,1
DA:40,1
DA:41,1
DA:42,2
DA:43,0
DA:44,0
DA:45,1
DA:46,1
DA:47,1
DA:48,1
DA:49,1
DA:50,1
DA:51,1
DA:52,1
DA:53,1
DA:54,1
DA:55,1
DA:56,1
DA:57,1
DA:58,1
DA:59,1
DA:60,1
DA:61,1
DA:62,1
DA:63,1
DA:64,1
DA:65,1
DA:66,1
DA:67,1
DA:68,1
DA:69,1
DA:70,1
DA:71,1
DA:72,1
DA:73,1
DA:74,1
DA:75,1
DA:76,1
DA:77,0
DA:78,0
DA:79,0
DA:80,0
DA:81,0
DA:82,0
DA:83,0
DA:84,0
DA:85,0
DA:86,0
DA:87,0
DA:88,0
DA:89,0
DA:90,0
DA:91,0
DA:92,0
DA:93,0
DA:94,0
DA:95,0
DA:96,0
DA:97,0
DA:98,0
DA:99,0
DA:100,0
DA:101,0
DA:102,0
DA:103,0
DA:104,0
DA:105,0
DA:106,0
DA:107,0
DA:108,0
DA:109,0
DA:110,0
DA:111,0
DA:112,0
DA:113,0
DA:114,0
DA:115,0
DA:116,0
DA:117,0
DA:118,0
DA:119,0
DA:120,0
DA:121,0
DA:122,1
DA:123,1
DA:124,0
DA:125,0
DA:126,0
DA:127,0
DA:128,0
DA:129,0
DA:130,0
DA:131,0
DA:132,0
DA:133,0
DA:134,0
DA:135,0
DA:136,0
DA:137,0
DA:138,0
DA:139,0
DA:140,0
DA:141,0
DA:142,0
DA:143,0
DA:144,0
DA:145,0
DA:146,0
DA:147,0
DA:148,0
DA:149,0
DA:150,0
DA:151,0
DA:152,0
DA:153,0
DA:154,0
DA:155,0
DA:156,0
DA:157,0
DA:158,1
DA:159,1
DA:160,1
LF:160
LH:79
BRDA:7,0,0,2
BRDA:38,1,0,1
BRDA:42,2,0,0
BRDA:45,3,0,1
BRDA:34,4,0,1
BRDA:36,5,0,2
BRDA:58,6,0,1
BRDA:59,7,0,1
BRDA:62,8,0,1
BRF:9
BRH:8
end_of_record
TN:
SF:src\controllers\teams-controllers.ts
FN:7,create
FN:35,index
FN:55,update
FN:88,remove
FNF:4
FNH:2
FNDA:2,create
FNDA:0,index
FNDA:2,update
FNDA:0,remove
DA:1,1
DA:2,1
DA:3,1
DA:4,1
DA:5,1
DA:6,1
DA:7,1
DA:8,2
DA:9,2
DA:10,2
DA:11,2
DA:12,2
DA:13,2
DA:14,2
DA:15,2
DA:16,2
DA:17,2
DA:18,2
DA:19,2
DA:20,1
DA:21,2
DA:22,0
DA:23,0
DA:24,1
DA:25,1
DA:26,1
DA:27,1
DA:28,1
DA:29,1
DA:30,1
DA:31,1
DA:32,1
DA:33,1
DA:34,1
DA:35,1
DA:36,0
DA:37,0
DA:38,0
DA:39,0
DA:40,0
DA:41,0
DA:42,0
DA:43,0
DA:44,0
DA:45,0
DA:46,0
DA:47,0
DA:48,0
DA:49,0
DA:50,0
DA:51,0
DA:52,0
DA:53,0
DA:54,1
DA:55,1
DA:56,2
DA:57,2
DA:58,2
DA:59,2
DA:60,2
DA:61,2
DA:62,2
DA:63,2
DA:64,2
DA:65,2
DA:66,2
DA:67,2
DA:68,2
DA:69,2
DA:70,2
DA:71,2
DA:72,2
DA:73,2
DA:74,2
DA:75,1
DA:76,1
DA:77,1
DA:78,1
DA:79,1
DA:80,1
DA:81,1
DA:82,1
DA:83,1
DA:84,1
DA:85,1
DA:86,1
DA:87,1
DA:88,1
DA:89,0
DA:90,0
DA:91,0
DA:92,0
DA:93,0
DA:94,0
DA:95,0
DA:96,0
DA:97,0
DA:98,0
DA:99,0
DA:100,0
DA:101,0
DA:102,0
DA:103,0
DA:104,0
DA:105,0
DA:106,0
DA:107,0
DA:108,0
DA:109,0
DA:110,0
DA:111,0
DA:112,0
DA:113,1
DA:114,1
DA:115,1
LF:115
LH:71
BRDA:7,0,0,2
BRDA:20,1,0,1
BRDA:21,2,0,0
BRDA:24,3,0,1
BRDA:55,4,0,2
BRDA:74,5,0,1
BRF:6
BRH:5
end_of_record
TN:
SF:src\controllers\users-controllers.ts
FN:9,create
FNF:1
FNH:1
FNDA:3,create
DA:1,1
DA:2,1
DA:3,1
DA:4,1
DA:5,1
DA:6,1
DA:7,1
DA:8,1
DA:9,1
DA:10,3
DA:11,3
DA:12,3
DA:13,3
DA:14,3
DA:15,3
DA:16,3
DA:17,3
DA:18,3
DA:19,3
DA:20,3
DA:21,3
DA:22,3
DA:23,3
DA:24,3
DA:25,2
DA:26,3
DA:27,1
DA:28,1
DA:29,1
DA:30,1
DA:31,1
DA:32,1
DA:33,1
DA:34,1
DA:35,1
DA:36,1
DA:37,1
DA:38,1
DA:39,1
DA:40,1
DA:41,1
DA:42,1
DA:43,1
DA:44,1
DA:45,1
DA:46,1
DA:47,1
DA:48,1
DA:49,1
LF:49
LH:49
BRDA:9,0,0,3
BRDA:25,1,0,2
BRDA:26,2,0,1
BRF:3
BRH:3
end_of_record
TN:
SF:src\database\prisma.ts
FNF:0
FNH:0
DA:1,1
DA:2,1
DA:3,1
DA:4,1
DA:5,1
DA:6,1
LF:6
LH:6
BRDA:5,0,0,0
BRF:1
BRH:0
end_of_record
TN:
SF:src\middlewares\ensureAutheticated.ts
FN:8,ensureAuthenticated
FNF:1
FNH:1
FNDA:12,ensureAuthenticated
DA:1,1
DA:2,1
DA:3,1
DA:4,1
DA:5,1
DA:6,1
DA:7,1
DA:8,12
DA:9,12
DA:10,12
DA:11,12
DA:12,12
DA:13,0
DA:14,0
DA:15,12
DA:16,12
DA:17,12
DA:18,12
DA:19,12
DA:20,12
DA:21,12
DA:22,12
DA:23,12
DA:24,12
DA:25,12
DA:26,12
DA:27,12
DA:28,0
DA:29,0
DA:30,12
DA:31,1
DA:32,1
LF:32
LH:28
BRDA:8,0,0,12
BRDA:12,1,0,0
BRDA:27,2,0,0
BRF:3
BRH:1
end_of_record
TN:
SF:src\middlewares\ensureRole.ts
FN:4,ensureRole
FNF:1
FNH:1
FNDA:6,ensureRole
DA:1,1
DA:2,1
DA:3,1
DA:4,6
DA:5,6
DA:6,8
DA:7,8
DA:8,8
DA:9,1
DA:10,1
DA:11,7
DA:12,7
DA:13,7
DA:14,6
DA:15,1
DA:16,1
LF:16
LH:16
BRDA:4,0,0,6
BRDA:5,1,0,8
BRDA:8,2,0,1
BRDA:11,3,0,7
BRF:4
BRH:4
end_of_record
TN:
SF:src\middlewares\error-handling.ts
FN:5,errorHandling
FNF:1
FNH:1
FNDA:7,errorHandling
DA:1,1
DA:2,1
DA:3,1
DA:4,1
DA:5,1
DA:6,7
DA:7,7
DA:8,7
DA:9,7
DA:10,7
DA:11,7
DA:12,7
DA:13,7
DA:14,7
DA:15,7
DA:16,7
DA:17,4
DA:18,4
DA:19,4
DA:20,4
DA:21,4
DA:22,3
DA:23,3
DA:24,3
DA:25,3
DA:26,3
DA:27,3
DA:28,3
DA:29,0
DA:30,0
DA:31,0
DA:32,0
DA:33,0
LF:33
LH:28
BRDA:5,0,0,7
BRDA:16,1,0,4
BRDA:22,2,0,6
BRDA:22,3,0,3
BRDA:29,4,0,0
BRF:5
BRH:4
end_of_record
TN:
SF:src\routes\sessions-routes.ts
FNF:0
FNH:0
DA:1,1
DA:2,1
DA:3,1
DA:4,1
DA:5,1
DA:6,1
DA:7,1
DA:8,1
DA:9,1
LF:9
LH:9
BRF:0
BRH:0
end_of_record
TN:
SF:src\routes\tasks-routes.ts
FNF:0
FNH:0
DA:1,1
DA:2,1
DA:3,1
DA:4,1
DA:5,1
DA:6,1
DA:7,1
DA:8,1
DA:9,1
DA:10,1
DA:11,1
DA:12,1
DA:13,1
DA:14,1
DA:15,1
DA:16,1
DA:17,1
DA:18,1
DA:19,1
DA:20,1
DA:21,1
DA:22,1
LF:22
LH:22
BRF:0
BRH:0
end_of_record
TN:
SF:src\routes\teams-routes.ts
FNF:0
FNH:0
DA:1,1
DA:2,1
DA:3,1
DA:4,1
DA:5,1
DA:6,1
DA:7,1
DA:8,1
DA:9,1
DA:10,1
DA:11,1
DA:12,1
DA:13,1
DA:14,1
DA:15,1
DA:16,1
DA:17,1
DA:18,1
DA:19,1
DA:20,1
DA:21,1
DA:22,1
DA:23,1
LF:23
LH:23
BRF:0
BRH:0
end_of_record
TN:
SF:src\routes\users-routes.ts
FNF:0
FNH:0
DA:1,1
DA:2,1
DA:3,1
DA:4,1
DA:5,1
DA:6,1
DA:7,1
DA:8,1
DA:9,1
LF:9
LH:9
BRF:0
BRH:0
end_of_record
TN:
SF:src\tests\factories\userFactory.ts
FN:9,createAndAuthenticateUser
FNF:1
FNH:1
FNDA:24,createAndAuthenticateUser
DA:1,1
DA:2,1
DA:3,1
DA:4,1
DA:5,1
DA:6,1
DA:7,1
DA:8,1
DA:9,1
DA:10,24
DA:11,24
DA:12,24
DA:13,24
DA:14,24
DA:15,24
DA:16,24
DA:17,24
DA:18,24
DA:19,24
DA:20,24
DA:21,24
DA:22,24
DA:23,24
DA:24,24
DA:25,24
DA:26,24
DA:27,24
DA:28,24
DA:29,24
DA:30,24
DA:31,24
LF:31
LH:31
BRDA:9,0,0,24
BRF:1
BRH:1
end_of_record
TN:
SF:src\types\Role-type.ts
FN:1,(empty-report)
FNF:1
FNH:0
FNDA:0,(empty-report)
DA:1,0
DA:2,0
LF:2
LH:0
BRDA:1,0,0,0
BRF:1
BRH:0
end_of_record
TN:
SF:src\utils\appError.ts
FN:1,<instance_members_initializer>
FN:5,AppError
FNF:2
FNH:2
FNDA:4,<instance_members_initializer>
FNDA:4,AppError
DA:1,4
DA:2,4
DA:3,4
DA:4,4
DA:5,4
DA:6,4
DA:7,4
DA:8,4
DA:9,4
LF:9
LH:9
BRDA:1,0,0,4
BRDA:5,1,0,4
BRF:2
BRH:2
end_of_record
TN:
SF:src\utils\clearDatabase.ts
FN:3,clearDatabase
FNF:1
FNH:1
FNDA:30,clearDatabase
DA:1,1
DA:2,1
DA:3,1
DA:4,30
DA:5,30
DA:6,30
DA:7,30
DA:8,30
DA:9,30
LF:9
LH:9
BRDA:3,0,0,30
BRF:1
BRH:1
end_of_record
